2023-07-27 12:29:34,029 INFO  [Log] **************************************************************************************** 
2023-07-27 12:29:34,029 INFO  [Log] **************************************************************************************** 
2023-07-27 12:29:34,029 INFO  [Log]                                sTestCaseName                                        
2023-07-27 12:29:34,029 INFO  [Log] **************************************************************************************** 
2023-07-27 12:29:34,029 INFO  [Log] **************************************************************************************** 
2023-07-27 12:29:38,297 INFO  [Log] New driver instantiated 
2023-07-27 12:29:39,519 INFO  [Log] Opening the URL 
2023-07-27 12:29:41,923 INFO  [Log] Closing the browser 
2023-07-27 12:29:41,923 INFO  [Log] **************************************************************************************** 
2023-07-27 12:29:41,923 INFO  [Log] **************************************************************************************** 
2023-07-27 12:29:41,923 INFO  [Log] $$$$$$$$$$$$$$$$$$             E------N------D                $$$$$$$$$$$$$$$$$$$ 
2023-07-27 12:29:41,923 INFO  [Log] **************************************************************************************** 
2023-07-27 12:29:41,923 INFO  [Log] **************************************************************************************** 
2023-07-27 12:34:20,954 INFO  [Log] **************************************************************************************** 
2023-07-27 12:34:20,955 INFO  [Log] **************************************************************************************** 
2023-07-27 12:34:20,955 INFO  [Log]                                sTestCaseName                                        
2023-07-27 12:34:20,955 INFO  [Log] **************************************************************************************** 
2023-07-27 12:34:20,955 INFO  [Log] **************************************************************************************** 
2023-07-27 12:34:23,206 INFO  [Log] New driver instantiated 
2023-07-27 12:34:24,384 INFO  [Log] Opening the URL 
2023-07-27 12:34:24,795 INFO  [Log] Events Going to Performed on Login Page  
2023-07-27 12:34:25,747 INFO  [Log] Entering the Username 
2023-07-27 12:34:27,947 INFO  [Log] Entering the Password 
2023-07-27 12:34:34,949 INFO  [Log] Login Page Action Performed Successfully 
2023-07-27 12:34:34,949 INFO  [Log] Events Going to Performed on Home Page  
2023-07-27 12:34:35,923 INFO  [Log] Clicking on Login button 
2023-07-27 12:34:42,926 INFO  [Log] Home Page Action Performed Successfully 
2023-07-27 12:34:42,927 INFO  [Log] Events Going to Performed on LogOut Page  
2023-07-27 12:34:43,489 INFO  [Log] Clicking on Logout link 
2023-07-27 12:34:50,515 INFO  [Log] Logout Page Action Performed Successfully 
2023-07-27 12:34:51,391 INFO  [Log] Closing the browser 
2023-07-27 12:34:51,391 INFO  [Log] **************************************************************************************** 
2023-07-27 12:34:51,391 INFO  [Log] **************************************************************************************** 
2023-07-27 12:34:51,391 INFO  [Log] $$$$$$$$$$$$$$$$$$             E------N------D                $$$$$$$$$$$$$$$$$$$ 
2023-07-27 12:34:51,391 INFO  [Log] **************************************************************************************** 
2023-07-27 12:34:51,391 INFO  [Log] **************************************************************************************** 
